{"C:\\Users\\Thomas\\Documents\\Formation JS OC\\Projet 9\\bill-app\\Billed-app-FR-Front\\src\\constants\\routes.js": {"path":"C:\\Users\\Thomas\\Documents\\Formation JS OC\\Projet 9\\bill-app\\Billed-app-FR-Front\\src\\constants\\routes.js","statementMap":{"0":{"start":{"line":6,"column":27},"end":{"line":11,"column":1}},"1":{"start":{"line":13,"column":22},"end":{"line":26,"column":1}},"2":{"start":{"line":14,"column":2},"end":{"line":25,"column":3}},"3":{"start":{"line":16,"column":6},"end":{"line":16,"column":46}},"4":{"start":{"line":18,"column":6},"end":{"line":18,"column":46}},"5":{"start":{"line":20,"column":6},"end":{"line":20,"column":24}},"6":{"start":{"line":22,"column":6},"end":{"line":22,"column":50}},"7":{"start":{"line":24,"column":6},"end":{"line":24,"column":46}}},"fnMap":{"0":{"name":"(anonymous_0)","decl":{"start":{"line":13,"column":22},"end":{"line":13,"column":23}},"loc":{"start":{"line":13,"column":62},"end":{"line":26,"column":1}},"line":13}},"branchMap":{"0":{"loc":{"start":{"line":14,"column":2},"end":{"line":25,"column":3}},"type":"switch","locations":[{"start":{"line":15,"column":4},"end":{"line":16,"column":46}},{"start":{"line":17,"column":4},"end":{"line":18,"column":46}},{"start":{"line":19,"column":4},"end":{"line":20,"column":24}},{"start":{"line":21,"column":4},"end":{"line":22,"column":50}},{"start":{"line":23,"column":4},"end":{"line":24,"column":46}}],"line":14}},"s":{"0":6,"1":6,"2":45,"3":10,"4":13,"5":9,"6":12,"7":1},"f":{"0":45},"b":{"0":[10,13,9,12,1]},"_coverageSchema":"1a1c01bbd47fc00a2c39e90264f33305004495a9","hash":"15294bcb36ac20fea565c981f8b7bbf044dce1de"}
,"C:\\Users\\Thomas\\Documents\\Formation JS OC\\Projet 9\\bill-app\\Billed-app-FR-Front\\src\\constants\\usersTest.js": {"path":"C:\\Users\\Thomas\\Documents\\Formation JS OC\\Projet 9\\bill-app\\Billed-app-FR-Front\\src\\constants\\usersTest.js","statementMap":{},"fnMap":{},"branchMap":{},"s":{},"f":{},"b":{},"_coverageSchema":"1a1c01bbd47fc00a2c39e90264f33305004495a9","hash":"696cf0ad425ca78e0b8c115ee2111e299aa37301"}
,"C:\\Users\\Thomas\\Documents\\Formation JS OC\\Projet 9\\bill-app\\Billed-app-FR-Front\\src\\containers\\Bills.js": {"path":"C:\\Users\\Thomas\\Documents\\Formation JS OC\\Projet 9\\bill-app\\Billed-app-FR-Front\\src\\containers\\Bills.js","statementMap":{"0":{"start":{"line":7,"column":4},"end":{"line":7,"column":28}},"1":{"start":{"line":8,"column":4},"end":{"line":8,"column":32}},"2":{"start":{"line":9,"column":4},"end":{"line":9,"column":22}},"3":{"start":{"line":10,"column":26},"end":{"line":10,"column":86}},"4":{"start":{"line":11,"column":4},"end":{"line":11,"column":87}},"5":{"start":{"line":11,"column":23},"end":{"line":11,"column":87}},"6":{"start":{"line":12,"column":20},"end":{"line":12,"column":76}},"7":{"start":{"line":13,"column":4},"end":{"line":15,"column":6}},"8":{"start":{"line":13,"column":17},"end":{"line":15,"column":6}},"9":{"start":{"line":14,"column":6},"end":{"line":14,"column":73}},"10":{"start":{"line":14,"column":43},"end":{"line":14,"column":72}},"11":{"start":{"line":16,"column":4},"end":{"line":16,"column":54}},"12":{"start":{"line":19,"column":23},"end":{"line":21,"column":3}},"13":{"start":{"line":20,"column":4},"end":{"line":20,"column":43}},"14":{"start":{"line":23,"column":23},"end":{"line":28,"column":3}},"15":{"start":{"line":24,"column":20},"end":{"line":24,"column":54}},"16":{"start":{"line":25,"column":21},"end":{"line":25,"column":63}},"17":{"start":{"line":26,"column":4},"end":{"line":26,"column":168}},"18":{"start":{"line":27,"column":4},"end":{"line":27,"column":34}},"19":{"start":{"line":30,"column":13},"end":{"line":63,"column":3}},"20":{"start":{"line":31,"column":4},"end":{"line":62,"column":5}},"21":{"start":{"line":33,"column":6},"end":{"line":61,"column":8}},"22":{"start":{"line":37,"column":8},"end":{"line":37,"column":29}},"23":{"start":{"line":38,"column":22},"end":{"line":38,"column":30}},"24":{"start":{"line":39,"column":8},"end":{"line":58,"column":12}},"25":{"start":{"line":40,"column":8},"end":{"line":40,"column":50}},"26":{"start":{"line":42,"column":12},"end":{"line":57,"column":13}},"27":{"start":{"line":43,"column":14},"end":{"line":47,"column":15}},"28":{"start":{"line":51,"column":14},"end":{"line":51,"column":38}},"29":{"start":{"line":52,"column":14},"end":{"line":56,"column":15}},"30":{"start":{"line":59,"column":10},"end":{"line":59,"column":45}},"31":{"start":{"line":60,"column":8},"end":{"line":60,"column":20}}},"fnMap":{"0":{"name":"(anonymous_0)","decl":{"start":{"line":6,"column":2},"end":{"line":6,"column":3}},"loc":{"start":{"line":6,"column":61},"end":{"line":17,"column":3}},"line":6},"1":{"name":"(anonymous_1)","decl":{"start":{"line":13,"column":33},"end":{"line":13,"column":34}},"loc":{"start":{"line":13,"column":41},"end":{"line":15,"column":5}},"line":13},"2":{"name":"(anonymous_2)","decl":{"start":{"line":14,"column":37},"end":{"line":14,"column":38}},"loc":{"start":{"line":14,"column":43},"end":{"line":14,"column":72}},"line":14},"3":{"name":"(anonymous_3)","decl":{"start":{"line":19,"column":23},"end":{"line":19,"column":24}},"loc":{"start":{"line":19,"column":29},"end":{"line":21,"column":3}},"line":19},"4":{"name":"(anonymous_4)","decl":{"start":{"line":23,"column":23},"end":{"line":23,"column":24}},"loc":{"start":{"line":23,"column":33},"end":{"line":28,"column":3}},"line":23},"5":{"name":"(anonymous_5)","decl":{"start":{"line":30,"column":13},"end":{"line":30,"column":14}},"loc":{"start":{"line":30,"column":19},"end":{"line":63,"column":3}},"line":30},"6":{"name":"(anonymous_6)","decl":{"start":{"line":36,"column":12},"end":{"line":36,"column":13}},"loc":{"start":{"line":36,"column":24},"end":{"line":61,"column":7}},"line":36},"7":{"name":"(anonymous_7)","decl":{"start":{"line":39,"column":22},"end":{"line":39,"column":23}},"loc":{"start":{"line":39,"column":31},"end":{"line":40,"column":51}},"line":39},"8":{"name":"(anonymous_8)","decl":{"start":{"line":41,"column":15},"end":{"line":41,"column":16}},"loc":{"start":{"line":41,"column":22},"end":{"line":58,"column":11}},"line":41}},"branchMap":{"0":{"loc":{"start":{"line":11,"column":4},"end":{"line":11,"column":87}},"type":"if","locations":[{"start":{"line":11,"column":4},"end":{"line":11,"column":87}},{"start":{},"end":{}}],"line":11},"1":{"loc":{"start":{"line":13,"column":4},"end":{"line":15,"column":6}},"type":"if","locations":[{"start":{"line":13,"column":4},"end":{"line":15,"column":6}},{"start":{},"end":{}}],"line":13},"2":{"loc":{"start":{"line":31,"column":4},"end":{"line":62,"column":5}},"type":"if","locations":[{"start":{"line":31,"column":4},"end":{"line":62,"column":5}},{"start":{},"end":{}}],"line":31}},"s":{"0":6,"1":6,"2":6,"3":6,"4":6,"5":4,"6":6,"7":6,"8":6,"9":16,"10":1,"11":6,"12":6,"13":4,"14":6,"15":2,"16":2,"17":2,"18":2,"19":6,"20":4,"21":4,"22":1,"23":1,"24":1,"25":6,"26":4,"27":4,"28":0,"29":0,"30":1,"31":1},"f":{"0":6,"1":16,"2":1,"3":4,"4":2,"5":4,"6":1,"7":6,"8":4},"b":{"0":[4,2],"1":[6,0],"2":[4,0]},"_coverageSchema":"1a1c01bbd47fc00a2c39e90264f33305004495a9","hash":"0aed35a35212e300cc2bdc6f9a8a43a55d4c6a4e"}
,"C:\\Users\\Thomas\\Documents\\Formation JS OC\\Projet 9\\bill-app\\Billed-app-FR-Front\\src\\containers\\Dashboard.js": {"path":"C:\\Users\\Thomas\\Documents\\Formation JS OC\\Projet 9\\bill-app\\Billed-app-FR-Front\\src\\containers\\Dashboard.js","statementMap":{"0":{"start":{"line":8,"column":29},"end":{"line":28,"column":1}},"1":{"start":{"line":9,"column":2},"end":{"line":27,"column":11}},"2":{"start":{"line":14,"column":6},"end":{"line":24,"column":7}},"3":{"start":{"line":15,"column":8},"end":{"line":15,"column":50}},"4":{"start":{"line":20,"column":26},"end":{"line":20,"column":72}},"5":{"start":{"line":21,"column":8},"end":{"line":23,"column":58}},"6":{"start":{"line":26,"column":6},"end":{"line":26,"column":28}},"7":{"start":{"line":30,"column":20},"end":{"line":53,"column":1}},"8":{"start":{"line":31,"column":28},"end":{"line":31,"column":52}},"9":{"start":{"line":32,"column":20},"end":{"line":33,"column":40}},"10":{"start":{"line":34,"column":19},"end":{"line":35,"column":53}},"11":{"start":{"line":37,"column":2},"end":{"line":52,"column":4}},"12":{"start":{"line":55,"column":21},"end":{"line":57,"column":1}},"13":{"start":{"line":56,"column":2},"end":{"line":56,"column":76}},"14":{"start":{"line":56,"column":51},"end":{"line":56,"column":61}},"15":{"start":{"line":59,"column":25},"end":{"line":68,"column":1}},"16":{"start":{"line":60,"column":2},"end":{"line":67,"column":3}},"17":{"start":{"line":62,"column":6},"end":{"line":62,"column":22}},"18":{"start":{"line":64,"column":6},"end":{"line":64,"column":23}},"19":{"start":{"line":66,"column":6},"end":{"line":66,"column":22}},"20":{"start":{"line":72,"column":4},"end":{"line":72,"column":28}},"21":{"start":{"line":73,"column":4},"end":{"line":73,"column":32}},"22":{"start":{"line":74,"column":4},"end":{"line":74,"column":22}},"23":{"start":{"line":75,"column":4},"end":{"line":75,"column":71}},"24":{"start":{"line":75,"column":35},"end":{"line":75,"column":70}},"25":{"start":{"line":76,"column":4},"end":{"line":76,"column":71}},"26":{"start":{"line":76,"column":35},"end":{"line":76,"column":70}},"27":{"start":{"line":77,"column":4},"end":{"line":77,"column":71}},"28":{"start":{"line":77,"column":35},"end":{"line":77,"column":70}},"29":{"start":{"line":78,"column":4},"end":{"line":78,"column":44}},"30":{"start":{"line":81,"column":23},"end":{"line":86,"column":3}},"31":{"start":{"line":82,"column":20},"end":{"line":82,"column":58}},"32":{"start":{"line":83,"column":21},"end":{"line":83,"column":69}},"33":{"start":{"line":84,"column":4},"end":{"line":84,"column":144}},"34":{"start":{"line":85,"column":4},"end":{"line":85,"column":96}},"35":{"start":{"line":85,"column":60},"end":{"line":85,"column":96}},"36":{"start":{"line":89,"column":4},"end":{"line":89,"column":75}},"37":{"start":{"line":89,"column":59},"end":{"line":89,"column":75}},"38":{"start":{"line":90,"column":4},"end":{"line":90,"column":71}},"39":{"start":{"line":90,"column":54},"end":{"line":90,"column":71}},"40":{"start":{"line":91,"column":4},"end":{"line":107,"column":5}},"41":{"start":{"line":92,"column":6},"end":{"line":94,"column":8}},"42":{"start":{"line":93,"column":8},"end":{"line":93,"column":61}},"43":{"start":{"line":95,"column":6},"end":{"line":95,"column":62}},"44":{"start":{"line":96,"column":6},"end":{"line":96,"column":69}},"45":{"start":{"line":97,"column":6},"end":{"line":97,"column":52}},"46":{"start":{"line":98,"column":6},"end":{"line":98,"column":21}},"47":{"start":{"line":100,"column":6},"end":{"line":100,"column":62}},"48":{"start":{"line":102,"column":6},"end":{"line":104,"column":8}},"49":{"start":{"line":105,"column":6},"end":{"line":105,"column":52}},"50":{"start":{"line":106,"column":6},"end":{"line":106,"column":21}},"51":{"start":{"line":108,"column":4},"end":{"line":108,"column":51}},"52":{"start":{"line":109,"column":4},"end":{"line":109,"column":72}},"53":{"start":{"line":109,"column":39},"end":{"line":109,"column":71}},"54":{"start":{"line":110,"column":4},"end":{"line":110,"column":72}},"55":{"start":{"line":110,"column":39},"end":{"line":110,"column":71}},"56":{"start":{"line":113,"column":23},"end":{"line":121,"column":3}},"57":{"start":{"line":114,"column":20},"end":{"line":118,"column":5}},"58":{"start":{"line":119,"column":4},"end":{"line":119,"column":28}},"59":{"start":{"line":120,"column":4},"end":{"line":120,"column":45}},"60":{"start":{"line":123,"column":23},"end":{"line":131,"column":3}},"61":{"start":{"line":124,"column":20},"end":{"line":128,"column":5}},"62":{"start":{"line":129,"column":4},"end":{"line":129,"column":28}},"63":{"start":{"line":130,"column":4},"end":{"line":130,"column":45}},"64":{"start":{"line":134,"column":4},"end":{"line":134,"column":76}},"65":{"start":{"line":134,"column":60},"end":{"line":134,"column":76}},"66":{"start":{"line":135,"column":4},"end":{"line":135,"column":76}},"67":{"start":{"line":135,"column":58},"end":{"line":135,"column":76}},"68":{"start":{"line":136,"column":4},"end":{"line":146,"column":5}},"69":{"start":{"line":137,"column":6},"end":{"line":137,"column":69}},"70":{"start":{"line":138,"column":6},"end":{"line":139,"column":65}},"71":{"start":{"line":140,"column":6},"end":{"line":140,"column":21}},"72":{"start":{"line":142,"column":6},"end":{"line":142,"column":70}},"73":{"start":{"line":143,"column":6},"end":{"line":144,"column":17}},"74":{"start":{"line":145,"column":6},"end":{"line":145,"column":21}},"75":{"start":{"line":147,"column":4},"end":{"line":147,"column":27}},"76":{"start":{"line":153,"column":4},"end":{"line":155,"column":6}},"77":{"start":{"line":154,"column":6},"end":{"line":154,"column":83}},"78":{"start":{"line":154,"column":45},"end":{"line":154,"column":82}},"79":{"start":{"line":157,"column":4},"end":{"line":157,"column":16}},"80":{"start":{"line":161,"column":21},"end":{"line":180,"column":3}},"81":{"start":{"line":162,"column":4},"end":{"line":179,"column":5}},"82":{"start":{"line":163,"column":6},"end":{"line":178,"column":8}},"83":{"start":{"line":167,"column":22},"end":{"line":173,"column":11}},"84":{"start":{"line":168,"column":21},"end":{"line":173,"column":9}},"85":{"start":{"line":174,"column":8},"end":{"line":174,"column":20}},"86":{"start":{"line":177,"column":8},"end":{"line":177,"column":20}}},"fnMap":{"0":{"name":"(anonymous_0)","decl":{"start":{"line":8,"column":29},"end":{"line":8,"column":30}},"loc":{"start":{"line":8,"column":47},"end":{"line":28,"column":1}},"line":8},"1":{"name":"(anonymous_1)","decl":{"start":{"line":10,"column":16},"end":{"line":10,"column":17}},"loc":{"start":{"line":10,"column":24},"end":{"line":27,"column":5}},"line":10},"2":{"name":"(anonymous_2)","decl":{"start":{"line":30,"column":20},"end":{"line":30,"column":21}},"loc":{"start":{"line":30,"column":30},"end":{"line":53,"column":1}},"line":30},"3":{"name":"(anonymous_3)","decl":{"start":{"line":55,"column":21},"end":{"line":55,"column":22}},"loc":{"start":{"line":55,"column":32},"end":{"line":57,"column":1}},"line":55},"4":{"name":"(anonymous_4)","decl":{"start":{"line":56,"column":43},"end":{"line":56,"column":44}},"loc":{"start":{"line":56,"column":51},"end":{"line":56,"column":61}},"line":56},"5":{"name":"(anonymous_5)","decl":{"start":{"line":59,"column":25},"end":{"line":59,"column":26}},"loc":{"start":{"line":59,"column":36},"end":{"line":68,"column":1}},"line":59},"6":{"name":"(anonymous_6)","decl":{"start":{"line":71,"column":2},"end":{"line":71,"column":3}},"loc":{"start":{"line":71,"column":68},"end":{"line":79,"column":3}},"line":71},"7":{"name":"(anonymous_7)","decl":{"start":{"line":75,"column":28},"end":{"line":75,"column":29}},"loc":{"start":{"line":75,"column":35},"end":{"line":75,"column":70}},"line":75},"8":{"name":"(anonymous_8)","decl":{"start":{"line":76,"column":28},"end":{"line":76,"column":29}},"loc":{"start":{"line":76,"column":35},"end":{"line":76,"column":70}},"line":76},"9":{"name":"(anonymous_9)","decl":{"start":{"line":77,"column":28},"end":{"line":77,"column":29}},"loc":{"start":{"line":77,"column":35},"end":{"line":77,"column":70}},"line":77},"10":{"name":"(anonymous_10)","decl":{"start":{"line":81,"column":23},"end":{"line":81,"column":24}},"loc":{"start":{"line":81,"column":29},"end":{"line":86,"column":3}},"line":81},"11":{"name":"(anonymous_11)","decl":{"start":{"line":88,"column":2},"end":{"line":88,"column":3}},"loc":{"start":{"line":88,"column":35},"end":{"line":111,"column":3}},"line":88},"12":{"name":"(anonymous_12)","decl":{"start":{"line":92,"column":20},"end":{"line":92,"column":21}},"loc":{"start":{"line":92,"column":25},"end":{"line":94,"column":7}},"line":92},"13":{"name":"(anonymous_13)","decl":{"start":{"line":109,"column":32},"end":{"line":109,"column":33}},"loc":{"start":{"line":109,"column":39},"end":{"line":109,"column":71}},"line":109},"14":{"name":"(anonymous_14)","decl":{"start":{"line":110,"column":32},"end":{"line":110,"column":33}},"loc":{"start":{"line":110,"column":39},"end":{"line":110,"column":71}},"line":110},"15":{"name":"(anonymous_15)","decl":{"start":{"line":113,"column":23},"end":{"line":113,"column":24}},"loc":{"start":{"line":113,"column":36},"end":{"line":121,"column":3}},"line":113},"16":{"name":"(anonymous_16)","decl":{"start":{"line":123,"column":23},"end":{"line":123,"column":24}},"loc":{"start":{"line":123,"column":36},"end":{"line":131,"column":3}},"line":123},"17":{"name":"(anonymous_17)","decl":{"start":{"line":133,"column":2},"end":{"line":133,"column":3}},"loc":{"start":{"line":133,"column":37},"end":{"line":159,"column":3}},"line":133},"18":{"name":"(anonymous_18)","decl":{"start":{"line":153,"column":56},"end":{"line":153,"column":57}},"loc":{"start":{"line":153,"column":64},"end":{"line":155,"column":5}},"line":153},"19":{"name":"(anonymous_19)","decl":{"start":{"line":154,"column":38},"end":{"line":154,"column":39}},"loc":{"start":{"line":154,"column":45},"end":{"line":154,"column":82}},"line":154},"20":{"name":"(anonymous_20)","decl":{"start":{"line":161,"column":21},"end":{"line":161,"column":22}},"loc":{"start":{"line":161,"column":27},"end":{"line":180,"column":3}},"line":161},"21":{"name":"(anonymous_21)","decl":{"start":{"line":166,"column":12},"end":{"line":166,"column":13}},"loc":{"start":{"line":166,"column":24},"end":{"line":175,"column":7}},"line":166},"22":{"name":"(anonymous_22)","decl":{"start":{"line":168,"column":13},"end":{"line":168,"column":14}},"loc":{"start":{"line":168,"column":21},"end":{"line":173,"column":9}},"line":168},"23":{"name":"(anonymous_23)","decl":{"start":{"line":176,"column":13},"end":{"line":176,"column":14}},"loc":{"start":{"line":176,"column":22},"end":{"line":178,"column":7}},"line":176}},"branchMap":{"0":{"loc":{"start":{"line":9,"column":9},"end":{"line":27,"column":11}},"type":"cond-expr","locations":[{"start":{"line":10,"column":4},"end":{"line":27,"column":6}},{"start":{"line":27,"column":9},"end":{"line":27,"column":11}}],"line":9},"1":{"loc":{"start":{"line":9,"column":10},"end":{"line":9,"column":29}},"type":"binary-expr","locations":[{"start":{"line":9,"column":10},"end":{"line":9,"column":14}},{"start":{"line":9,"column":18},"end":{"line":9,"column":29}}],"line":9},"2":{"loc":{"start":{"line":14,"column":6},"end":{"line":24,"column":7}},"type":"if","locations":[{"start":{"line":14,"column":6},"end":{"line":24,"column":7}},{"start":{"line":18,"column":11},"end":{"line":24,"column":7}}],"line":14},"3":{"loc":{"start":{"line":22,"column":10},"end":{"line":23,"column":58}},"type":"binary-expr","locations":[{"start":{"line":22,"column":11},"end":{"line":22,"column":33}},{"start":{"line":23,"column":10},"end":{"line":23,"column":58}}],"line":22},"4":{"loc":{"start":{"line":32,"column":20},"end":{"line":33,"column":40}},"type":"cond-expr","locations":[{"start":{"line":33,"column":4},"end":{"line":33,"column":35}},{"start":{"line":33,"column":38},"end":{"line":33,"column":40}}],"line":32},"5":{"loc":{"start":{"line":34,"column":19},"end":{"line":35,"column":53}},"type":"cond-expr","locations":[{"start":{"line":35,"column":2},"end":{"line":35,"column":33}},{"start":{"line":35,"column":36},"end":{"line":35,"column":53}}],"line":34},"6":{"loc":{"start":{"line":56,"column":9},"end":{"line":56,"column":76}},"type":"cond-expr","locations":[{"start":{"line":56,"column":33},"end":{"line":56,"column":71}},{"start":{"line":56,"column":74},"end":{"line":56,"column":76}}],"line":56},"7":{"loc":{"start":{"line":56,"column":9},"end":{"line":56,"column":30}},"type":"binary-expr","locations":[{"start":{"line":56,"column":9},"end":{"line":56,"column":14}},{"start":{"line":56,"column":18},"end":{"line":56,"column":30}}],"line":56},"8":{"loc":{"start":{"line":60,"column":2},"end":{"line":67,"column":3}},"type":"switch","locations":[{"start":{"line":61,"column":4},"end":{"line":62,"column":22}},{"start":{"line":63,"column":4},"end":{"line":64,"column":23}},{"start":{"line":65,"column":4},"end":{"line":66,"column":22}}],"line":60},"9":{"loc":{"start":{"line":85,"column":4},"end":{"line":85,"column":96}},"type":"if","locations":[{"start":{"line":85,"column":4},"end":{"line":85,"column":96}},{"start":{},"end":{}}],"line":85},"10":{"loc":{"start":{"line":89,"column":4},"end":{"line":89,"column":75}},"type":"if","locations":[{"start":{"line":89,"column":4},"end":{"line":89,"column":75}},{"start":{},"end":{}}],"line":89},"11":{"loc":{"start":{"line":89,"column":8},"end":{"line":89,"column":57}},"type":"binary-expr","locations":[{"start":{"line":89,"column":8},"end":{"line":89,"column":34}},{"start":{"line":89,"column":38},"end":{"line":89,"column":57}}],"line":89},"12":{"loc":{"start":{"line":90,"column":4},"end":{"line":90,"column":71}},"type":"if","locations":[{"start":{"line":90,"column":4},"end":{"line":90,"column":71}},{"start":{},"end":{}}],"line":90},"13":{"loc":{"start":{"line":90,"column":8},"end":{"line":90,"column":52}},"type":"binary-expr","locations":[{"start":{"line":90,"column":8},"end":{"line":90,"column":29}},{"start":{"line":90,"column":33},"end":{"line":90,"column":52}}],"line":90},"14":{"loc":{"start":{"line":91,"column":4},"end":{"line":107,"column":5}},"type":"if","locations":[{"start":{"line":91,"column":4},"end":{"line":107,"column":5}},{"start":{"line":99,"column":11},"end":{"line":107,"column":5}}],"line":91},"15":{"loc":{"start":{"line":134,"column":4},"end":{"line":134,"column":76}},"type":"if","locations":[{"start":{"line":134,"column":4},"end":{"line":134,"column":76}},{"start":{},"end":{}}],"line":134},"16":{"loc":{"start":{"line":134,"column":8},"end":{"line":134,"column":58}},"type":"binary-expr","locations":[{"start":{"line":134,"column":8},"end":{"line":134,"column":34}},{"start":{"line":134,"column":38},"end":{"line":134,"column":58}}],"line":134},"17":{"loc":{"start":{"line":135,"column":4},"end":{"line":135,"column":76}},"type":"if","locations":[{"start":{"line":135,"column":4},"end":{"line":135,"column":76}},{"start":{},"end":{}}],"line":135},"18":{"loc":{"start":{"line":135,"column":8},"end":{"line":135,"column":56}},"type":"binary-expr","locations":[{"start":{"line":135,"column":8},"end":{"line":135,"column":32}},{"start":{"line":135,"column":36},"end":{"line":135,"column":56}}],"line":135},"19":{"loc":{"start":{"line":136,"column":4},"end":{"line":146,"column":5}},"type":"if","locations":[{"start":{"line":136,"column":4},"end":{"line":146,"column":5}},{"start":{"line":141,"column":11},"end":{"line":146,"column":5}}],"line":136},"20":{"loc":{"start":{"line":162,"column":4},"end":{"line":179,"column":5}},"type":"if","locations":[{"start":{"line":162,"column":4},"end":{"line":179,"column":5}},{"start":{},"end":{}}],"line":162}},"s":{"0":6,"1":49,"2":124,"3":124,"4":0,"5":0,"6":124,"7":6,"8":6,"9":6,"10":6,"11":6,"12":6,"13":6,"14":6,"15":6,"16":10,"17":6,"18":2,"19":2,"20":14,"21":14,"22":14,"23":14,"24":0,"25":14,"26":0,"27":14,"28":0,"29":14,"30":14,"31":1,"32":1,"33":1,"34":1,"35":0,"36":3,"37":2,"38":3,"39":2,"40":3,"41":2,"42":8,"43":2,"44":2,"45":2,"46":2,"47":1,"48":1,"49":1,"50":1,"51":3,"52":3,"53":0,"54":3,"55":0,"56":14,"57":1,"58":1,"59":1,"60":14,"61":1,"62":1,"63":1,"64":5,"65":5,"66":5,"67":5,"68":5,"69":5,"70":5,"71":5,"72":0,"73":0,"74":0,"75":5,"76":5,"77":6,"78":3,"79":5,"80":14,"81":5,"82":5,"83":3,"84":12,"85":3,"86":2},"f":{"0":49,"1":124,"2":6,"3":6,"4":6,"5":10,"6":14,"7":0,"8":0,"9":0,"10":1,"11":3,"12":8,"13":0,"14":0,"15":1,"16":1,"17":5,"18":6,"19":3,"20":5,"21":3,"22":12,"23":2},"b":{"0":[31,18],"1":[49,31],"2":[124,0],"3":[0,0],"4":[0,6],"5":[0,6],"6":[5,1],"7":[6,6],"8":[6,2,2],"9":[0,1],"10":[2,1],"11":[3,3],"12":[2,1],"13":[3,1],"14":[2,1],"15":[5,0],"16":[5,2],"17":[5,0],"18":[5,2],"19":[5,0],"20":[5,0]},"_coverageSchema":"1a1c01bbd47fc00a2c39e90264f33305004495a9","hash":"a888ea20673c51265a5c6e0026f2ae536623a76f"}
,"C:\\Users\\Thomas\\Documents\\Formation JS OC\\Projet 9\\bill-app\\Billed-app-FR-Front\\src\\containers\\Login.js": {"path":"C:\\Users\\Thomas\\Documents\\Formation JS OC\\Projet 9\\bill-app\\Billed-app-FR-Front\\src\\containers\\Login.js","statementMap":{"0":{"start":{"line":3,"column":31},"end":{"line":3,"column":33}},"1":{"start":{"line":8,"column":4},"end":{"line":8,"column":28}},"2":{"start":{"line":9,"column":4},"end":{"line":9,"column":36}},"3":{"start":{"line":10,"column":4},"end":{"line":10,"column":32}},"4":{"start":{"line":11,"column":4},"end":{"line":11,"column":46}},"5":{"start":{"line":12,"column":4},"end":{"line":12,"column":22}},"6":{"start":{"line":13,"column":25},"end":{"line":13,"column":89}},"7":{"start":{"line":14,"column":4},"end":{"line":14,"column":70}},"8":{"start":{"line":15,"column":22},"end":{"line":15,"column":83}},"9":{"start":{"line":16,"column":4},"end":{"line":16,"column":64}},"10":{"start":{"line":18,"column":25},"end":{"line":38,"column":3}},"11":{"start":{"line":19,"column":4},"end":{"line":19,"column":22}},"12":{"start":{"line":20,"column":17},"end":{"line":25,"column":5}},"13":{"start":{"line":26,"column":4},"end":{"line":26,"column":59}},"14":{"start":{"line":27,"column":4},"end":{"line":36,"column":8}},"15":{"start":{"line":29,"column":17},"end":{"line":29,"column":38}},"16":{"start":{"line":32,"column":8},"end":{"line":32,"column":45}},"17":{"start":{"line":33,"column":8},"end":{"line":33,"column":53}},"18":{"start":{"line":34,"column":8},"end":{"line":34,"column":50}},"19":{"start":{"line":35,"column":8},"end":{"line":35,"column":55}},"20":{"start":{"line":40,"column":22},"end":{"line":59,"column":3}},"21":{"start":{"line":41,"column":4},"end":{"line":41,"column":22}},"22":{"start":{"line":42,"column":17},"end":{"line":47,"column":5}},"23":{"start":{"line":48,"column":4},"end":{"line":48,"column":59}},"24":{"start":{"line":49,"column":4},"end":{"line":58,"column":8}},"25":{"start":{"line":51,"column":17},"end":{"line":51,"column":38}},"26":{"start":{"line":54,"column":8},"end":{"line":54,"column":49}},"27":{"start":{"line":55,"column":8},"end":{"line":55,"column":57}},"28":{"start":{"line":56,"column":8},"end":{"line":56,"column":50}},"29":{"start":{"line":57,"column":8},"end":{"line":57,"column":50}},"30":{"start":{"line":62,"column":10},"end":{"line":74,"column":3}},"31":{"start":{"line":63,"column":4},"end":{"line":73,"column":5}},"32":{"start":{"line":64,"column":6},"end":{"line":70,"column":8}},"33":{"start":{"line":69,"column":8},"end":{"line":69,"column":40}},"34":{"start":{"line":72,"column":6},"end":{"line":72,"column":17}},"35":{"start":{"line":77,"column":15},"end":{"line":94,"column":3}},"36":{"start":{"line":78,"column":4},"end":{"line":93,"column":5}},"37":{"start":{"line":79,"column":6},"end":{"line":90,"column":8}},"38":{"start":{"line":88,"column":8},"end":{"line":88,"column":57}},"39":{"start":{"line":89,"column":8},"end":{"line":89,"column":31}},"40":{"start":{"line":92,"column":6},"end":{"line":92,"column":17}}},"fnMap":{"0":{"name":"(anonymous_0)","decl":{"start":{"line":7,"column":2},"end":{"line":7,"column":3}},"loc":{"start":{"line":7,"column":80},"end":{"line":17,"column":3}},"line":7},"1":{"name":"(anonymous_1)","decl":{"start":{"line":18,"column":25},"end":{"line":18,"column":26}},"loc":{"start":{"line":18,"column":30},"end":{"line":38,"column":3}},"line":18},"2":{"name":"(anonymous_2)","decl":{"start":{"line":29,"column":8},"end":{"line":29,"column":9}},"loc":{"start":{"line":29,"column":17},"end":{"line":29,"column":38}},"line":29},"3":{"name":"(anonymous_3)","decl":{"start":{"line":31,"column":12},"end":{"line":31,"column":13}},"loc":{"start":{"line":31,"column":18},"end":{"line":36,"column":7}},"line":31},"4":{"name":"(anonymous_4)","decl":{"start":{"line":40,"column":22},"end":{"line":40,"column":23}},"loc":{"start":{"line":40,"column":27},"end":{"line":59,"column":3}},"line":40},"5":{"name":"(anonymous_5)","decl":{"start":{"line":51,"column":8},"end":{"line":51,"column":9}},"loc":{"start":{"line":51,"column":17},"end":{"line":51,"column":38}},"line":51},"6":{"name":"(anonymous_6)","decl":{"start":{"line":53,"column":12},"end":{"line":53,"column":13}},"loc":{"start":{"line":53,"column":18},"end":{"line":58,"column":7}},"line":53},"7":{"name":"(anonymous_7)","decl":{"start":{"line":62,"column":10},"end":{"line":62,"column":11}},"loc":{"start":{"line":62,"column":20},"end":{"line":74,"column":3}},"line":62},"8":{"name":"(anonymous_8)","decl":{"start":{"line":68,"column":15},"end":{"line":68,"column":16}},"loc":{"start":{"line":68,"column":26},"end":{"line":70,"column":7}},"line":68},"9":{"name":"(anonymous_9)","decl":{"start":{"line":77,"column":15},"end":{"line":77,"column":16}},"loc":{"start":{"line":77,"column":25},"end":{"line":94,"column":3}},"line":77},"10":{"name":"(anonymous_10)","decl":{"start":{"line":87,"column":12},"end":{"line":87,"column":13}},"loc":{"start":{"line":87,"column":18},"end":{"line":90,"column":7}},"line":87}},"branchMap":{"0":{"loc":{"start":{"line":63,"column":4},"end":{"line":73,"column":5}},"type":"if","locations":[{"start":{"line":63,"column":4},"end":{"line":73,"column":5}},{"start":{"line":71,"column":11},"end":{"line":73,"column":5}}],"line":63},"1":{"loc":{"start":{"line":78,"column":4},"end":{"line":93,"column":5}},"type":"if","locations":[{"start":{"line":78,"column":4},"end":{"line":93,"column":5}},{"start":{"line":91,"column":11},"end":{"line":93,"column":5}}],"line":78}},"s":{"0":4,"1":4,"2":4,"3":4,"4":4,"5":4,"6":4,"7":4,"8":4,"9":4,"10":4,"11":2,"12":2,"13":2,"14":2,"15":0,"16":2,"17":2,"18":2,"19":2,"20":4,"21":2,"22":2,"23":2,"24":2,"25":0,"26":2,"27":2,"28":2,"29":2,"30":4,"31":0,"32":0,"33":0,"34":0,"35":4,"36":0,"37":0,"38":0,"39":0,"40":0},"f":{"0":4,"1":2,"2":0,"3":2,"4":2,"5":0,"6":2,"7":0,"8":0,"9":0,"10":0},"b":{"0":[0,0],"1":[0,0]},"_coverageSchema":"1a1c01bbd47fc00a2c39e90264f33305004495a9","hash":"7f9e41080fb9cbd9dd0b69fe698bbf013dab3052"}
,"C:\\Users\\Thomas\\Documents\\Formation JS OC\\Projet 9\\bill-app\\Billed-app-FR-Front\\src\\containers\\Logout.js": {"path":"C:\\Users\\Thomas\\Documents\\Formation JS OC\\Projet 9\\bill-app\\Billed-app-FR-Front\\src\\containers\\Logout.js","statementMap":{"0":{"start":{"line":5,"column":4},"end":{"line":5,"column":28}},"1":{"start":{"line":6,"column":4},"end":{"line":6,"column":32}},"2":{"start":{"line":7,"column":4},"end":{"line":7,"column":36}},"3":{"start":{"line":8,"column":4},"end":{"line":8,"column":51}},"4":{"start":{"line":11,"column":16},"end":{"line":14,"column":3}},"5":{"start":{"line":12,"column":4},"end":{"line":12,"column":29}},"6":{"start":{"line":13,"column":4},"end":{"line":13,"column":41}}},"fnMap":{"0":{"name":"(anonymous_0)","decl":{"start":{"line":4,"column":2},"end":{"line":4,"column":3}},"loc":{"start":{"line":4,"column":54},"end":{"line":9,"column":3}},"line":4},"1":{"name":"(anonymous_1)","decl":{"start":{"line":11,"column":16},"end":{"line":11,"column":17}},"loc":{"start":{"line":11,"column":23},"end":{"line":14,"column":3}},"line":11}},"branchMap":{},"s":{"0":30,"1":30,"2":30,"3":30,"4":30,"5":2,"6":2},"f":{"0":30,"1":2},"b":{},"_coverageSchema":"1a1c01bbd47fc00a2c39e90264f33305004495a9","hash":"099dd575be9661606ed1fc504c7fe50b4adbba1a"}
,"C:\\Users\\Thomas\\Documents\\Formation JS OC\\Projet 9\\bill-app\\Billed-app-FR-Front\\src\\containers\\NewBill.js": {"path":"C:\\Users\\Thomas\\Documents\\Formation JS OC\\Projet 9\\bill-app\\Billed-app-FR-Front\\src\\containers\\NewBill.js","statementMap":{"0":{"start":{"line":6,"column":4},"end":{"line":6,"column":28}},"1":{"start":{"line":7,"column":4},"end":{"line":7,"column":32}},"2":{"start":{"line":8,"column":4},"end":{"line":8,"column":22}},"3":{"start":{"line":9,"column":24},"end":{"line":9,"column":88}},"4":{"start":{"line":10,"column":4},"end":{"line":10,"column":61}},"5":{"start":{"line":11,"column":17},"end":{"line":11,"column":73}},"6":{"start":{"line":12,"column":4},"end":{"line":12,"column":58}},"7":{"start":{"line":13,"column":4},"end":{"line":13,"column":23}},"8":{"start":{"line":14,"column":4},"end":{"line":14,"column":24}},"9":{"start":{"line":15,"column":4},"end":{"line":15,"column":22}},"10":{"start":{"line":16,"column":4},"end":{"line":16,"column":54}},"11":{"start":{"line":18,"column":21},"end":{"line":42,"column":3}},"12":{"start":{"line":19,"column":4},"end":{"line":19,"column":22}},"13":{"start":{"line":20,"column":17},"end":{"line":20,"column":82}},"14":{"start":{"line":22,"column":22},"end":{"line":22,"column":48}},"15":{"start":{"line":23,"column":4},"end":{"line":23,"column":26}},"16":{"start":{"line":31,"column":4},"end":{"line":41,"column":5}},"17":{"start":{"line":36,"column":6},"end":{"line":36,"column":50}},"18":{"start":{"line":38,"column":6},"end":{"line":38,"column":76}},"19":{"start":{"line":39,"column":6},"end":{"line":39,"column":63}},"20":{"start":{"line":44,"column":27},"end":{"line":55,"column":3}},"21":{"start":{"line":45,"column":4},"end":{"line":54,"column":5}},"22":{"start":{"line":46,"column":6},"end":{"line":53,"column":11}},"23":{"start":{"line":49,"column":28},"end":{"line":49,"column":57}},"24":{"start":{"line":51,"column":10},"end":{"line":51,"column":29}},"25":{"start":{"line":52,"column":10},"end":{"line":52,"column":35}},"26":{"start":{"line":57,"column":17},"end":{"line":77,"column":3}},"27":{"start":{"line":58,"column":4},"end":{"line":58,"column":22}},"28":{"start":{"line":59,"column":4},"end":{"line":59,"column":147}},"29":{"start":{"line":60,"column":18},"end":{"line":60,"column":64}},"30":{"start":{"line":61,"column":17},"end":{"line":73,"column":5}},"31":{"start":{"line":74,"column":4},"end":{"line":74,"column":25}},"32":{"start":{"line":75,"column":4},"end":{"line":75,"column":41}},"33":{"start":{"line":76,"column":4},"end":{"line":76,"column":21}},"34":{"start":{"line":80,"column":15},"end":{"line":90,"column":3}},"35":{"start":{"line":81,"column":4},"end":{"line":89,"column":5}},"36":{"start":{"line":82,"column":6},"end":{"line":88,"column":45}},"37":{"start":{"line":86,"column":10},"end":{"line":86,"column":47}},"38":{"start":{"line":88,"column":24},"end":{"line":88,"column":44}}},"fnMap":{"0":{"name":"(anonymous_0)","decl":{"start":{"line":5,"column":2},"end":{"line":5,"column":3}},"loc":{"start":{"line":5,"column":61},"end":{"line":17,"column":3}},"line":5},"1":{"name":"(anonymous_1)","decl":{"start":{"line":18,"column":21},"end":{"line":18,"column":22}},"loc":{"start":{"line":18,"column":26},"end":{"line":42,"column":3}},"line":18},"2":{"name":"(anonymous_2)","decl":{"start":{"line":44,"column":27},"end":{"line":44,"column":28}},"loc":{"start":{"line":44,"column":47},"end":{"line":55,"column":3}},"line":44},"3":{"name":"(anonymous_3)","decl":{"start":{"line":49,"column":14},"end":{"line":49,"column":15}},"loc":{"start":{"line":49,"column":28},"end":{"line":49,"column":57}},"line":49},"4":{"name":"(anonymous_4)","decl":{"start":{"line":50,"column":14},"end":{"line":50,"column":15}},"loc":{"start":{"line":50,"column":23},"end":{"line":53,"column":9}},"line":50},"5":{"name":"(anonymous_5)","decl":{"start":{"line":57,"column":17},"end":{"line":57,"column":18}},"loc":{"start":{"line":57,"column":22},"end":{"line":77,"column":3}},"line":57},"6":{"name":"(anonymous_6)","decl":{"start":{"line":80,"column":15},"end":{"line":80,"column":16}},"loc":{"start":{"line":80,"column":25},"end":{"line":90,"column":3}},"line":80},"7":{"name":"(anonymous_7)","decl":{"start":{"line":85,"column":14},"end":{"line":85,"column":15}},"loc":{"start":{"line":85,"column":20},"end":{"line":87,"column":9}},"line":85},"8":{"name":"(anonymous_8)","decl":{"start":{"line":88,"column":15},"end":{"line":88,"column":16}},"loc":{"start":{"line":88,"column":24},"end":{"line":88,"column":44}},"line":88}},"branchMap":{"0":{"loc":{"start":{"line":31,"column":4},"end":{"line":41,"column":5}},"type":"if","locations":[{"start":{"line":31,"column":4},"end":{"line":41,"column":5}},{"start":{"line":37,"column":11},"end":{"line":41,"column":5}}],"line":31},"1":{"loc":{"start":{"line":45,"column":4},"end":{"line":54,"column":5}},"type":"if","locations":[{"start":{"line":45,"column":4},"end":{"line":54,"column":5}},{"start":{},"end":{}}],"line":45},"2":{"loc":{"start":{"line":68,"column":11},"end":{"line":68,"column":83}},"type":"binary-expr","locations":[{"start":{"line":68,"column":11},"end":{"line":68,"column":77}},{"start":{"line":68,"column":81},"end":{"line":68,"column":83}}],"line":68},"3":{"loc":{"start":{"line":81,"column":4},"end":{"line":89,"column":5}},"type":"if","locations":[{"start":{"line":81,"column":4},"end":{"line":89,"column":5}},{"start":{},"end":{}}],"line":81}},"s":{"0":9,"1":9,"2":9,"3":9,"4":9,"5":9,"6":9,"7":9,"8":9,"9":9,"10":9,"11":9,"12":4,"13":4,"14":4,"15":4,"16":4,"17":0,"18":4,"19":4,"20":9,"21":0,"22":0,"23":0,"24":0,"25":0,"26":9,"27":4,"28":4,"29":4,"30":4,"31":4,"32":4,"33":4,"34":9,"35":4,"36":0,"37":0,"38":0},"f":{"0":9,"1":4,"2":0,"3":0,"4":0,"5":4,"6":4,"7":0,"8":0},"b":{"0":[0,4],"1":[0,0],"2":[4,2],"3":[0,4]},"_coverageSchema":"1a1c01bbd47fc00a2c39e90264f33305004495a9","hash":"5fa73b30a4398be031dabd024cfad20c9f275ac4"}
,"C:\\Users\\Thomas\\Documents\\Formation JS OC\\Projet 9\\bill-app\\Billed-app-FR-Front\\src\\views\\Actions.js": {"path":"C:\\Users\\Thomas\\Documents\\Formation JS OC\\Projet 9\\bill-app\\Billed-app-FR-Front\\src\\views\\Actions.js","statementMap":{"0":{"start":{"line":5,"column":2},"end":{"line":11,"column":3}}},"fnMap":{"0":{"name":"(anonymous_0)","decl":{"start":{"line":4,"column":15},"end":{"line":4,"column":16}},"loc":{"start":{"line":4,"column":28},"end":{"line":12,"column":1}},"line":4}},"branchMap":{},"s":{"0":14},"f":{"0":14},"b":{},"_coverageSchema":"1a1c01bbd47fc00a2c39e90264f33305004495a9","hash":"f9c19a3edec4636bac7b2b66e13b199dd0dee5be"}
,"C:\\Users\\Thomas\\Documents\\Formation JS OC\\Projet 9\\bill-app\\Billed-app-FR-Front\\src\\views\\BillsUI.js": {"path":"C:\\Users\\Thomas\\Documents\\Formation JS OC\\Projet 9\\bill-app\\Billed-app-FR-Front\\src\\views\\BillsUI.js","statementMap":{"0":{"start":{"line":7,"column":12},"end":{"line":20,"column":3}},"1":{"start":{"line":8,"column":2},"end":{"line":19,"column":6}},"2":{"start":{"line":28,"column":13},"end":{"line":38,"column":1}},"3":{"start":{"line":36,"column":2},"end":{"line":36,"column":74}},"4":{"start":{"line":36,"column":50},"end":{"line":36,"column":59}},"5":{"start":{"line":42,"column":16},"end":{"line":57,"column":4}},"6":{"start":{"line":42,"column":23},"end":{"line":57,"column":3}},"7":{"start":{"line":59,"column":2},"end":{"line":63,"column":3}},"8":{"start":{"line":60,"column":4},"end":{"line":60,"column":24}},"9":{"start":{"line":61,"column":9},"end":{"line":63,"column":3}},"10":{"start":{"line":62,"column":4},"end":{"line":62,"column":27}},"11":{"start":{"line":65,"column":2},"end":{"line":93,"column":3}}},"fnMap":{"0":{"name":"(anonymous_0)","decl":{"start":{"line":7,"column":12},"end":{"line":7,"column":13}},"loc":{"start":{"line":7,"column":22},"end":{"line":20,"column":3}},"line":7},"1":{"name":"(anonymous_1)","decl":{"start":{"line":28,"column":13},"end":{"line":28,"column":14}},"loc":{"start":{"line":28,"column":23},"end":{"line":38,"column":1}},"line":28},"2":{"name":"(anonymous_2)","decl":{"start":{"line":36,"column":42},"end":{"line":36,"column":43}},"loc":{"start":{"line":36,"column":50},"end":{"line":36,"column":59}},"line":36},"3":{"name":"(anonymous_3)","decl":{"start":{"line":40,"column":15},"end":{"line":40,"column":16}},"loc":{"start":{"line":40,"column":52},"end":{"line":94,"column":1}},"line":40},"4":{"name":"(anonymous_4)","decl":{"start":{"line":42,"column":16},"end":{"line":42,"column":17}},"loc":{"start":{"line":42,"column":23},"end":{"line":57,"column":3}},"line":42}},"branchMap":{"0":{"loc":{"start":{"line":36,"column":9},"end":{"line":36,"column":74}},"type":"cond-expr","locations":[{"start":{"line":36,"column":33},"end":{"line":36,"column":69}},{"start":{"line":36,"column":72},"end":{"line":36,"column":74}}],"line":36},"1":{"loc":{"start":{"line":36,"column":10},"end":{"line":36,"column":29}},"type":"binary-expr","locations":[{"start":{"line":36,"column":10},"end":{"line":36,"column":14}},{"start":{"line":36,"column":18},"end":{"line":36,"column":29}}],"line":36},"2":{"loc":{"start":{"line":59,"column":2},"end":{"line":63,"column":3}},"type":"if","locations":[{"start":{"line":59,"column":2},"end":{"line":63,"column":3}},{"start":{"line":61,"column":9},"end":{"line":63,"column":3}}],"line":59},"3":{"loc":{"start":{"line":61,"column":9},"end":{"line":63,"column":3}},"type":"if","locations":[{"start":{"line":61,"column":9},"end":{"line":63,"column":3}},{"start":{},"end":{}}],"line":61}},"s":{"0":6,"1":12,"2":6,"3":10,"4":12,"5":20,"6":10,"7":20,"8":4,"9":16,"10":6,"11":10},"f":{"0":12,"1":10,"2":12,"3":20,"4":10},"b":{"0":[3,7],"1":[10,4],"2":[4,16],"3":[6,10]},"_coverageSchema":"1a1c01bbd47fc00a2c39e90264f33305004495a9","hash":"8ddf4c5864c2eaa38a5c1e71e3226629d5623dac"}
,"C:\\Users\\Thomas\\Documents\\Formation JS OC\\Projet 9\\bill-app\\Billed-app-FR-Front\\src\\views\\DashboardFormUI.js": {"path":"C:\\Users\\Thomas\\Documents\\Formation JS OC\\Projet 9\\bill-app\\Billed-app-FR-Front\\src\\views\\DashboardFormUI.js","statementMap":{"0":{"start":{"line":7,"column":21},"end":{"line":22,"column":4}},"1":{"start":{"line":7,"column":28},"end":{"line":22,"column":3}},"2":{"start":{"line":26,"column":2},"end":{"line":101,"column":4}}},"fnMap":{"0":{"name":"(anonymous_0)","decl":{"start":{"line":7,"column":21},"end":{"line":7,"column":22}},"loc":{"start":{"line":7,"column":28},"end":{"line":22,"column":3}},"line":7},"1":{"name":"(anonymous_1)","decl":{"start":{"line":24,"column":15},"end":{"line":24,"column":16}},"loc":{"start":{"line":24,"column":25},"end":{"line":102,"column":1}},"line":24}},"branchMap":{"0":{"loc":{"start":{"line":79,"column":9},"end":{"line":89,"column":9}},"type":"cond-expr","locations":[{"start":{"line":79,"column":38},"end":{"line":84,"column":8}},{"start":{"line":84,"column":13},"end":{"line":89,"column":8}}],"line":79},"1":{"loc":{"start":{"line":92,"column":8},"end":{"line":97,"column":13}},"type":"cond-expr","locations":[{"start":{"line":92,"column":37},"end":{"line":97,"column":7}},{"start":{"line":97,"column":11},"end":{"line":97,"column":13}}],"line":92}},"s":{"0":7,"1":9,"2":9},"f":{"0":9,"1":9},"b":{"0":[6,3],"1":[6,3]},"_coverageSchema":"1a1c01bbd47fc00a2c39e90264f33305004495a9","hash":"68c4081534d258be500ca9c9030df443508535de"}
,"C:\\Users\\Thomas\\Documents\\Formation JS OC\\Projet 9\\bill-app\\Billed-app-FR-Front\\src\\views\\DashboardUI.js": {"path":"C:\\Users\\Thomas\\Documents\\Formation JS OC\\Projet 9\\bill-app\\Billed-app-FR-Front\\src\\views\\DashboardUI.js","statementMap":{"0":{"start":{"line":10,"column":2},"end":{"line":14,"column":3}},"1":{"start":{"line":11,"column":4},"end":{"line":11,"column":24}},"2":{"start":{"line":12,"column":9},"end":{"line":14,"column":3}},"3":{"start":{"line":13,"column":4},"end":{"line":13,"column":27}},"4":{"start":{"line":16,"column":2},"end":{"line":48,"column":3}}},"fnMap":{"0":{"name":"(anonymous_0)","decl":{"start":{"line":8,"column":15},"end":{"line":8,"column":16}},"loc":{"start":{"line":8,"column":45},"end":{"line":49,"column":1}},"line":8}},"branchMap":{"0":{"loc":{"start":{"line":10,"column":2},"end":{"line":14,"column":3}},"type":"if","locations":[{"start":{"line":10,"column":2},"end":{"line":14,"column":3}},{"start":{"line":12,"column":9},"end":{"line":14,"column":3}}],"line":10},"1":{"loc":{"start":{"line":12,"column":9},"end":{"line":14,"column":3}},"type":"if","locations":[{"start":{"line":12,"column":9},"end":{"line":14,"column":3}},{"start":{},"end":{}}],"line":12},"2":{"loc":{"start":{"line":22,"column":45},"end":{"line":22,"column":63}},"type":"binary-expr","locations":[{"start":{"line":22,"column":45},"end":{"line":22,"column":49}},{"start":{"line":22,"column":53},"end":{"line":22,"column":63}}],"line":22},"3":{"loc":{"start":{"line":29,"column":43},"end":{"line":29,"column":61}},"type":"binary-expr","locations":[{"start":{"line":29,"column":43},"end":{"line":29,"column":47}},{"start":{"line":29,"column":51},"end":{"line":29,"column":61}}],"line":29},"4":{"loc":{"start":{"line":36,"column":43},"end":{"line":36,"column":61}},"type":"binary-expr","locations":[{"start":{"line":36,"column":43},"end":{"line":36,"column":47}},{"start":{"line":36,"column":51},"end":{"line":36,"column":61}}],"line":36}},"s":{"0":21,"1":6,"2":15,"3":3,"4":12},"f":{"0":21},"b":{"0":[6,15],"1":[3,12],"2":[12,7],"3":[12,7],"4":[12,7]},"_coverageSchema":"1a1c01bbd47fc00a2c39e90264f33305004495a9","hash":"cff1a7065a00842f0e44e8383fab8fedbf02b4da"}
,"C:\\Users\\Thomas\\Documents\\Formation JS OC\\Projet 9\\bill-app\\Billed-app-FR-Front\\src\\views\\ErrorPage.js": {"path":"C:\\Users\\Thomas\\Documents\\Formation JS OC\\Projet 9\\bill-app\\Billed-app-FR-Front\\src\\views\\ErrorPage.js","statementMap":{"0":{"start":{"line":4,"column":2},"end":{"line":15,"column":3}}},"fnMap":{"0":{"name":"(anonymous_0)","decl":{"start":{"line":3,"column":15},"end":{"line":3,"column":16}},"loc":{"start":{"line":3,"column":26},"end":{"line":16,"column":1}},"line":3}},"branchMap":{"0":{"loc":{"start":{"line":12,"column":12},"end":{"line":12,"column":30}},"type":"cond-expr","locations":[{"start":{"line":12,"column":20},"end":{"line":12,"column":25}},{"start":{"line":12,"column":28},"end":{"line":12,"column":30}}],"line":12}},"s":{"0":11},"f":{"0":11},"b":{"0":[10,1]},"_coverageSchema":"1a1c01bbd47fc00a2c39e90264f33305004495a9","hash":"1676738e72bc448fc6188ab7582ababb0b409fe7"}
,"C:\\Users\\Thomas\\Documents\\Formation JS OC\\Projet 9\\bill-app\\Billed-app-FR-Front\\src\\views\\LoadingPage.js": {"path":"C:\\Users\\Thomas\\Documents\\Formation JS OC\\Projet 9\\bill-app\\Billed-app-FR-Front\\src\\views\\LoadingPage.js","statementMap":{"0":{"start":{"line":5,"column":2},"end":{"line":12,"column":3}}},"fnMap":{"0":{"name":"(anonymous_0)","decl":{"start":{"line":3,"column":15},"end":{"line":3,"column":16}},"loc":{"start":{"line":3,"column":21},"end":{"line":13,"column":1}},"line":3}},"branchMap":{},"s":{"0":11},"f":{"0":11},"b":{},"_coverageSchema":"1a1c01bbd47fc00a2c39e90264f33305004495a9","hash":"6c906d7fd353f9f989a4025a078bca15b2c3356d"}
,"C:\\Users\\Thomas\\Documents\\Formation JS OC\\Projet 9\\bill-app\\Billed-app-FR-Front\\src\\views\\LoginUI.js": {"path":"C:\\Users\\Thomas\\Documents\\Formation JS OC\\Projet 9\\bill-app\\Billed-app-FR-Front\\src\\views\\LoginUI.js","statementMap":{"0":{"start":{"line":4,"column":2},"end":{"line":46,"column":4}}},"fnMap":{"0":{"name":"(anonymous_0)","decl":{"start":{"line":2,"column":15},"end":{"line":2,"column":16}},"loc":{"start":{"line":2,"column":21},"end":{"line":47,"column":1}},"line":2}},"branchMap":{},"s":{"0":17},"f":{"0":17},"b":{},"_coverageSchema":"1a1c01bbd47fc00a2c39e90264f33305004495a9","hash":"05f96b39b92bc2fae7d995378864f748326b4611"}
,"C:\\Users\\Thomas\\Documents\\Formation JS OC\\Projet 9\\bill-app\\Billed-app-FR-Front\\src\\views\\NewBillUI.js": {"path":"C:\\Users\\Thomas\\Documents\\Formation JS OC\\Projet 9\\bill-app\\Billed-app-FR-Front\\src\\views\\NewBillUI.js","statementMap":{"0":{"start":{"line":5,"column":2},"end":{"line":73,"column":4}}},"fnMap":{"0":{"name":"(anonymous_0)","decl":{"start":{"line":3,"column":15},"end":{"line":3,"column":16}},"loc":{"start":{"line":3,"column":21},"end":{"line":74,"column":1}},"line":3}},"branchMap":{},"s":{"0":13},"f":{"0":13},"b":{},"_coverageSchema":"1a1c01bbd47fc00a2c39e90264f33305004495a9","hash":"f36a216f9090634099cd99490092fed2a01ed71a"}
,"C:\\Users\\Thomas\\Documents\\Formation JS OC\\Projet 9\\bill-app\\Billed-app-FR-Front\\src\\views\\VerticalLayout.js": {"path":"C:\\Users\\Thomas\\Documents\\Formation JS OC\\Projet 9\\bill-app\\Billed-app-FR-Front\\src\\views\\VerticalLayout.js","statementMap":{"0":{"start":{"line":7,"column":4},"end":{"line":7,"column":51}},"1":{"start":{"line":8,"column":4},"end":{"line":10,"column":5}},"2":{"start":{"line":9,"column":6},"end":{"line":9,"column":29}},"3":{"start":{"line":11,"column":4},"end":{"line":39,"column":5}},"4":{"start":{"line":12,"column":6},"end":{"line":27,"column":7}},"5":{"start":{"line":29,"column":6},"end":{"line":38,"column":7}}},"fnMap":{"0":{"name":"(anonymous_0)","decl":{"start":{"line":5,"column":15},"end":{"line":5,"column":16}},"loc":{"start":{"line":5,"column":27},"end":{"line":40,"column":1}},"line":5}},"branchMap":{"0":{"loc":{"start":{"line":8,"column":4},"end":{"line":10,"column":5}},"type":"if","locations":[{"start":{"line":8,"column":4},"end":{"line":10,"column":5}},{"start":{},"end":{}}],"line":8},"1":{"loc":{"start":{"line":11,"column":4},"end":{"line":39,"column":5}},"type":"if","locations":[{"start":{"line":11,"column":4},"end":{"line":39,"column":5}},{"start":{"line":28,"column":11},"end":{"line":39,"column":5}}],"line":11},"2":{"loc":{"start":{"line":11,"column":8},"end":{"line":11,"column":40}},"type":"binary-expr","locations":[{"start":{"line":11,"column":8},"end":{"line":11,"column":12}},{"start":{"line":11,"column":16},"end":{"line":11,"column":40}}],"line":11}},"s":{"0":58,"1":58,"2":46,"3":58,"4":30,"5":28},"f":{"0":58},"b":{"0":[46,12],"1":[30,28],"2":[58,46]},"_coverageSchema":"1a1c01bbd47fc00a2c39e90264f33305004495a9","hash":"bbaa111465f7b81de00efbe687713594af9fcda1"}
}
